Traceback (most recent call last):
  File "/opt/hostedtoolcache/Python/3.9.16/x64/lib/python3.9/site-packages/jupyter_cache/executors/utils.py", line 58, in single_nb_execution
    executenb(
  File "/opt/hostedtoolcache/Python/3.9.16/x64/lib/python3.9/site-packages/nbclient/client.py", line 1204, in execute
    return NotebookClient(nb=nb, resources=resources, km=km, **kwargs).execute()
  File "/opt/hostedtoolcache/Python/3.9.16/x64/lib/python3.9/site-packages/nbclient/util.py", line 84, in wrapped
    return just_run(coro(*args, **kwargs))
  File "/opt/hostedtoolcache/Python/3.9.16/x64/lib/python3.9/site-packages/nbclient/util.py", line 62, in just_run
    return loop.run_until_complete(coro)
  File "/opt/hostedtoolcache/Python/3.9.16/x64/lib/python3.9/asyncio/base_events.py", line 647, in run_until_complete
    return future.result()
  File "/opt/hostedtoolcache/Python/3.9.16/x64/lib/python3.9/site-packages/nbclient/client.py", line 663, in async_execute
    await self.async_execute_cell(
  File "/opt/hostedtoolcache/Python/3.9.16/x64/lib/python3.9/site-packages/nbclient/client.py", line 965, in async_execute_cell
    await self._check_raise_for_error(cell, cell_index, exec_reply)
  File "/opt/hostedtoolcache/Python/3.9.16/x64/lib/python3.9/site-packages/nbclient/client.py", line 862, in _check_raise_for_error
    raise CellExecutionError.from_cell_and_msg(cell, exec_reply_content)
nbclient.exceptions.CellExecutionError: An error occurred while executing the following cell:
------------------
page = mk.gui.Page(component=layout, id="tutorial-2")
page.launch()
------------------

[0;31m---------------------------------------------------------------------------[0m
[0;31mValueError[0m                                Traceback (most recent call last)
Cell [0;32mIn[20], line 2[0m
[1;32m      1[0m page [38;5;241m=[39m mk[38;5;241m.[39mgui[38;5;241m.[39mPage(component[38;5;241m=[39mlayout, [38;5;28mid[39m[38;5;241m=[39m[38;5;124m"[39m[38;5;124mtutorial-2[39m[38;5;124m"[39m)
[0;32m----> 2[0m [43mpage[49m[38;5;241;43m.[39;49m[43mlaunch[49m[43m([49m[43m)[49m

File [0;32m~/work/meerkat/meerkat/meerkat/interactive/page.py:78[0m, in [0;36mPage.launch[0;34m(self, return_url)[0m
[1;32m     75[0m     rich[38;5;241m.[39mprint([38;5;124m"[39m[38;5;124mFrontend is not initialized. Running `mk.gui.start()`.[39m[38;5;124m"[39m)
[1;32m     76[0m     [38;5;28;01mfrom[39;00m [38;5;21;01m.[39;00m[38;5;21;01mstartup[39;00m [38;5;28;01mimport[39;00m start
[0;32m---> 78[0m     [43mstart[49m[43m([49m[43m)[49m
[1;32m     80[0m [38;5;66;03m# TODO: restore the original route[39;00m
[1;32m     81[0m [38;5;66;03m# We had issues using the original route when serving [slug] pages[39;00m
[1;32m     82[0m [38;5;66;03m# in production mode, see `run_frontend_prod` in `startup.py`.[39;00m
[1;32m     83[0m [38;5;66;03m# url = f"{state.frontend_info.url}/{self.id}"[39;00m
[1;32m     84[0m url [38;5;241m=[39m [38;5;124mf[39m[38;5;124m"[39m[38;5;132;01m{[39;00mstate[38;5;241m.[39mfrontend_info[38;5;241m.[39murl[38;5;132;01m}[39;00m[38;5;124m/?id=[39m[38;5;132;01m{[39;00m[38;5;28mself[39m[38;5;241m.[39mid[38;5;132;01m}[39;00m[38;5;124m"[39m

File [0;32m~/work/meerkat/meerkat/meerkat/interactive/startup.py:617[0m, in [0;36mstart[0;34m(package_manager, shareable, subdomain, api_server_name, api_port, frontend_port, dev, skip_build)[0m
[1;32m    614[0m api_info [38;5;241m=[39m run_api_server(api_server_name, api_port, dev, shareable, subdomain)
[1;32m    616[0m [38;5;66;03m# Run the frontend server[39;00m
[0;32m--> 617[0m frontend_info [38;5;241m=[39m [43mrun_frontend[49m[43m([49m
[1;32m    618[0m [43m    [49m[43mpackage_manager[49m[43m,[49m
[1;32m    619[0m [43m    [49m[43mfrontend_port[49m[43m,[49m
[1;32m    620[0m [43m    [49m[43mdev[49m[43m,[49m
[1;32m    621[0m [43m    [49m[43mshareable[49m[43m,[49m
[1;32m    622[0m [43m    [49m[43msubdomain[49m[43m,[49m
[1;32m    623[0m [43m    [49m[43mapi_info[49m[38;5;241;43m.[39;49m[43murl[49m[43m,[49m
[1;32m    624[0m [43m    [49m[43mPathHelper[49m[43m([49m[43m)[49m[38;5;241;43m.[39;49m[43mappdir[49m[43m,[49m
[1;32m    625[0m [43m    [49m[43mskip_build[49m[38;5;241;43m=[39;49m[43mskip_build[49m[43m,[49m
[1;32m    626[0m [43m[49m[43m)[49m
[1;32m    628[0m [38;5;66;03m# Store in global state[39;00m
[1;32m    629[0m state[38;5;241m.[39mfrontend_info [38;5;241m=[39m frontend_info

File [0;32m~/work/meerkat/meerkat/meerkat/interactive/startup.py:511[0m, in [0;36mrun_frontend[0;34m(package_manager, port, dev, shareable, subdomain, apiurl, appdir, skip_build)[0m
[1;32m    509[0m [38;5;28;01mif[39;00m [38;5;129;01mnot[39;00m os[38;5;241m.[39mpath[38;5;241m.[39mexists(MEERKAT_INTERNAL_APP_BUILD_DIR):
[1;32m    510[0m     logger[38;5;241m.[39mdebug([38;5;124mf[39m[38;5;124m"[39m[38;5;124mDownloading frontend build for meerkat v[39m[38;5;132;01m{[39;00mmk_version[38;5;132;01m}[39;00m[38;5;124m"[39m)
[0;32m--> 511[0m     [43mdownload_frontend_build[49m[43m([49m[43mversion[49m[38;5;241;43m=[39;49m[43mmk_version[49m[43m)[49m
[1;32m    513[0m [38;5;66;03m# Read the timestamp of the most recent file change, for the last build[39;00m
[1;32m    514[0m [38;5;28;01mif[39;00m os[38;5;241m.[39mpath[38;5;241m.[39mexists([38;5;124m"[39m[38;5;124m.buildprint[39m[38;5;124m"[39m):

File [0;32m~/work/meerkat/meerkat/meerkat/interactive/startup.py:371[0m, in [0;36mdownload_frontend_build[0;34m(version)[0m
[1;32m    369[0m response [38;5;241m=[39m requests[38;5;241m.[39mget(url)
[1;32m    370[0m [38;5;28;01mif[39;00m response[38;5;241m.[39mstatus_code [38;5;241m!=[39m [38;5;241m200[39m:
[0;32m--> 371[0m     [38;5;28;01mraise[39;00m [38;5;167;01mValueError[39;00m(
[1;32m    372[0m         [38;5;124mf[39m[38;5;124m"[39m[38;5;124mCould not find a build for version [39m[38;5;132;01m{[39;00mversion[38;5;132;01m}[39;00m[38;5;124m. [39m[38;5;124m"[39m
[1;32m    373[0m         [38;5;124m"[39m[38;5;124mPlease check the the url for a list of versions: [39m[38;5;124m"[39m
[1;32m    374[0m         [38;5;124m"[39m[38;5;124mhttps://huggingface.co/datasets/meerkat-ml/component-static-builds[39m[38;5;124m"[39m
[1;32m    375[0m     )
[1;32m    377[0m build_file [38;5;241m=[39m download_url(
[1;32m    378[0m     url, dataset_dir[38;5;241m=[39mos[38;5;241m.[39mpath[38;5;241m.[39mjoin(pathlib[38;5;241m.[39mPath[38;5;241m.[39mhome(), [38;5;124m"[39m[38;5;124m.meerkat[39m[38;5;124m"[39m, [38;5;124m"[39m[38;5;124mbuild[39m[38;5;124m"[39m)
[1;32m    379[0m )
[1;32m    380[0m extract_tar_file(build_file, download_dir[38;5;241m=[39mMEERKAT_INTERNAL_APP_BUILD_DIR)

[0;31mValueError[0m: Could not find a build for version 0.4.11. Please check the the url for a list of versions: https://huggingface.co/datasets/meerkat-ml/component-static-builds
ValueError: Could not find a build for version 0.4.11. Please check the the url for a list of versions: https://huggingface.co/datasets/meerkat-ml/component-static-builds

