Traceback (most recent call last):
  File "/opt/hostedtoolcache/Python/3.8.16/x64/lib/python3.8/site-packages/jupyter_cache/executors/utils.py", line 58, in single_nb_execution
    executenb(
  File "/opt/hostedtoolcache/Python/3.8.16/x64/lib/python3.8/site-packages/nbclient/client.py", line 1204, in execute
    return NotebookClient(nb=nb, resources=resources, km=km, **kwargs).execute()
  File "/opt/hostedtoolcache/Python/3.8.16/x64/lib/python3.8/site-packages/nbclient/util.py", line 84, in wrapped
    return just_run(coro(*args, **kwargs))
  File "/opt/hostedtoolcache/Python/3.8.16/x64/lib/python3.8/site-packages/nbclient/util.py", line 62, in just_run
    return loop.run_until_complete(coro)
  File "/opt/hostedtoolcache/Python/3.8.16/x64/lib/python3.8/asyncio/base_events.py", line 616, in run_until_complete
    return future.result()
  File "/opt/hostedtoolcache/Python/3.8.16/x64/lib/python3.8/site-packages/nbclient/client.py", line 663, in async_execute
    await self.async_execute_cell(
  File "/opt/hostedtoolcache/Python/3.8.16/x64/lib/python3.8/site-packages/nbclient/client.py", line 965, in async_execute_cell
    await self._check_raise_for_error(cell, cell_index, exec_reply)
  File "/opt/hostedtoolcache/Python/3.8.16/x64/lib/python3.8/site-packages/nbclient/client.py", line 862, in _check_raise_for_error
    raise CellExecutionError.from_cell_and_msg(cell, exec_reply_content)
nbclient.exceptions.CellExecutionError: An error occurred while executing the following cell:
------------------
import meerkat as mk
import rich

df = mk.get("imagenette", version="160px")
IMAGE_COL = "img"
LABEL_COL = "label"
------------------

[0;31m---------------------------------------------------------------------------[0m
[0;31mValueError[0m                                Traceback (most recent call last)
Cell [0;32mIn[1], line 4[0m
[1;32m      1[0m [38;5;28;01mimport[39;00m [38;5;21;01mmeerkat[39;00m [38;5;28;01mas[39;00m [38;5;21;01mmk[39;00m
[1;32m      2[0m [38;5;28;01mimport[39;00m [38;5;21;01mrich[39;00m
[0;32m----> 4[0m df [38;5;241m=[39m [43mmk[49m[38;5;241;43m.[39;49m[43mget[49m[43m([49m[38;5;124;43m"[39;49m[38;5;124;43mimagenette[39;49m[38;5;124;43m"[39;49m[43m,[49m[43m [49m[43mversion[49m[38;5;241;43m=[39;49m[38;5;124;43m"[39;49m[38;5;124;43m160px[39;49m[38;5;124;43m"[39;49m[43m)[49m
[1;32m      5[0m IMAGE_COL [38;5;241m=[39m [38;5;124m"[39m[38;5;124mimg[39m[38;5;124m"[39m
[1;32m      6[0m LABEL_COL [38;5;241m=[39m [38;5;124m"[39m[38;5;124mlabel[39m[38;5;124m"[39m

File [0;32m~/work/meerkat/meerkat/meerkat/datasets/__init__.py:78[0m, in [0;36mget[0;34m(name, dataset_dir, version, download_mode, registry, **kwargs)[0m
[1;32m     76[0m [38;5;28;01mif[39;00m registry [38;5;241m==[39m [38;5;124m"[39m[38;5;124mmeerkat[39m[38;5;124m"[39m:
[1;32m     77[0m     [38;5;28;01mtry[39;00m:
[0;32m---> 78[0m         dataset [38;5;241m=[39m [43mdatasets[49m[38;5;241;43m.[39;49m[43mget[49m[43m([49m
[1;32m     79[0m [43m            [49m[43mname[49m[38;5;241;43m=[39;49m[43mname[49m[43m,[49m
[1;32m     80[0m [43m            [49m[43mdataset_dir[49m[38;5;241;43m=[39;49m[43mdataset_dir[49m[43m,[49m
[1;32m     81[0m [43m            [49m[43mversion[49m[38;5;241;43m=[39;49m[43mversion[49m[43m,[49m
[1;32m     82[0m [43m            [49m[43mdownload_mode[49m[38;5;241;43m=[39;49m[43mdownload_mode[49m[43m,[49m
[1;32m     83[0m [43m            [49m[38;5;241;43m*[39;49m[38;5;241;43m*[39;49m[43mkwargs[49m[43m,[49m
[1;32m     84[0m [43m        [49m[43m)[49m
[1;32m     85[0m         [38;5;28;01mreturn[39;00m dataset
[1;32m     86[0m     [38;5;28;01mexcept[39;00m [38;5;167;01mKeyError[39;00m [38;5;28;01mas[39;00m e:

File [0;32m~/work/meerkat/meerkat/meerkat/datasets/registry.py:27[0m, in [0;36mRegistry.get[0;34m(self, name, **kwargs)[0m
[1;32m     22[0m [38;5;28;01mif[39;00m ret [38;5;129;01mis[39;00m [38;5;28;01mNone[39;00m:
[1;32m     23[0m     [38;5;28;01mraise[39;00m [38;5;167;01mKeyError[39;00m(
[1;32m     24[0m         [38;5;124m"[39m[38;5;124mNo object named [39m[38;5;124m'[39m[38;5;132;01m{}[39;00m[38;5;124m'[39m[38;5;124m found in [39m[38;5;124m'[39m[38;5;132;01m{}[39;00m[38;5;124m'[39m[38;5;124m registry![39m[38;5;124m"[39m[38;5;241m.[39mformat(name, [38;5;28mself[39m[38;5;241m.[39m_name)
[1;32m     25[0m     )
[0;32m---> 27[0m [38;5;28;01mreturn[39;00m [43mret[49m[43m([49m[38;5;241;43m*[39;49m[38;5;241;43m*[39;49m[43mkwargs[49m[43m)[49m[43m([49m[43m)[49m

File [0;32m~/work/meerkat/meerkat/meerkat/datasets/abstract.py:65[0m, in [0;36mDatasetBuilder.__call__[0;34m(self)[0m
[1;32m     60[0m [38;5;28;01mif[39;00m [38;5;129;01mnot[39;00m [38;5;28mself[39m[38;5;241m.[39mis_downloaded():
[1;32m     61[0m     [38;5;28;01mraise[39;00m [38;5;167;01mValueError[39;00m(
[1;32m     62[0m         [38;5;124mf[39m[38;5;124m"[39m[38;5;124mDataset [39m[38;5;132;01m{[39;00m[38;5;28mself[39m[38;5;241m.[39mname[38;5;132;01m}[39;00m[38;5;124m is not downloaded to [39m[38;5;132;01m{[39;00m[38;5;28mself[39m[38;5;241m.[39mdataset_dir[38;5;132;01m}[39;00m[38;5;124m.[39m[38;5;124m"[39m
[1;32m     63[0m     )
[0;32m---> 65[0m [38;5;28;01mreturn[39;00m [38;5;28;43mself[39;49m[38;5;241;43m.[39;49m[43mbuild[49m[43m([49m[43m)[49m

File [0;32m~/work/meerkat/meerkat/meerkat/datasets/imagenette/__init__.py:71[0m, in [0;36mimagenette.build[0;34m(self)[0m
[1;32m     69[0m df [38;5;241m=[39m [38;5;28mself[39m[38;5;241m.[39m_build_df()
[1;32m     70[0m df [38;5;241m=[39m mk[38;5;241m.[39mDataFrame[38;5;241m.[39mfrom_pandas(df)
[0;32m---> 71[0m df[[38;5;124m"[39m[38;5;124mimg[39m[38;5;124m"[39m] [38;5;241m=[39m [43mmk[49m[38;5;241;43m.[39;49m[43mimage[49m[43m([49m[43mdf[49m[43m[[49m[38;5;124;43m"[39;49m[38;5;124;43mimg_path[39;49m[38;5;124;43m"[39;49m[43m][49m[43m,[49m[43m [49m[43mbase_dir[49m[38;5;241;43m=[39;49m[38;5;28;43mself[39;49m[38;5;241;43m.[39;49m[43mdata_dir[49m[43m)[49m
[1;32m     72[0m df[38;5;241m.[39mset_primary_key([38;5;124m"[39m[38;5;124mimg_id[39m[38;5;124m"[39m, inplace[38;5;241m=[39m[38;5;28;01mTrue[39;00m)
[1;32m     73[0m [38;5;28;01mreturn[39;00m df

File [0;32m~/work/meerkat/meerkat/meerkat/columns/deferred/image.py:43[0m, in [0;36mimage[0;34m(filepaths, base_dir, downloader, loader, cache_dir)[0m
[1;32m     23[0m [38;5;129m@docs[39m[38;5;241m.[39mdoc(source[38;5;241m=[39mFILE_SHARED_DOCS)
[1;32m     24[0m [38;5;28;01mdef[39;00m [38;5;21mimage[39m(
[1;32m     25[0m     filepaths: Sequence[[38;5;28mstr[39m],
[0;32m   (...)[0m
[1;32m     29[0m     cache_dir: [38;5;28mstr[39m [38;5;241m=[39m [38;5;28;01mNone[39;00m,
[1;32m     30[0m ):
[1;32m     31[0m [38;5;250m    [39m[38;5;124;03m"""Create a :class:`FileColumn` where each cell represents an image stored[39;00m
[1;32m     32[0m [38;5;124;03m    on disk. The underlying data is a :class:`ScalarColumn` of strings, where[39;00m
[1;32m     33[0m [38;5;124;03m    each string is the path to an image.[39;00m
[0;32m   (...)[0m
[1;32m     41[0m [38;5;124;03m        ${cache_dir}[39;00m
[1;32m     42[0m [38;5;124;03m    """[39;00m
[0;32m---> 43[0m     [38;5;28;01mreturn[39;00m [43mFileColumn[49m[43m([49m
[1;32m     44[0m [43m        [49m[43mfilepaths[49m[43m,[49m
[1;32m     45[0m [43m        [49m[43mbase_dir[49m[38;5;241;43m=[39;49m[43mbase_dir[49m[43m,[49m
[1;32m     46[0m [43m        [49m[43mloader[49m[38;5;241;43m=[39;49m[43mloader[49m[43m,[49m
[1;32m     47[0m [43m        [49m[43mdownloader[49m[38;5;241;43m=[39;49m[43mdownloader[49m[43m,[49m
[1;32m     48[0m [43m        [49m[43mcache_dir[49m[38;5;241;43m=[39;49m[43mcache_dir[49m[43m,[49m
[1;32m     49[0m [43m        [49m[43mformatters[49m[38;5;241;43m=[39;49m[43mdeferred_formatter_group[49m[43m([49m[43mImageFormatterGroup[49m[43m([49m[43m)[49m[43m)[49m[43m,[49m
[1;32m     50[0m [43m    [49m[43m)[49m

File [0;32m~/work/meerkat/meerkat/meerkat/columns/deferred/file.py:314[0m, in [0;36mFileColumn.__init__[0;34m(self, data, type, loader, downloader, base_dir, cache_dir, formatters, *args, **kwargs)[0m
[1;32m    311[0m     [38;5;28mtype[39m [38;5;241m=[39m _infer_file_type(data)
[1;32m    313[0m [38;5;28;01mif[39;00m [38;5;28mtype[39m [38;5;129;01mnot[39;00m [38;5;129;01min[39;00m FILE_TYPES:
[0;32m--> 314[0m     [38;5;28;01mraise[39;00m [38;5;167;01mValueError[39;00m([38;5;124mf[39m[38;5;124m"[39m[38;5;124mInvalid file type [39m[38;5;132;01m{[39;00m[38;5;28mtype[39m[38;5;132;01m}[39;00m[38;5;124m.[39m[38;5;124m"[39m)
[1;32m    316[0m spec [38;5;241m=[39m FILE_TYPES[[38;5;28mtype[39m]
[1;32m    317[0m loader [38;5;241m=[39m spec[[38;5;124m"[39m[38;5;124mloader[39m[38;5;124m"[39m] [38;5;28;01mif[39;00m loader [38;5;129;01mis[39;00m [38;5;28;01mNone[39;00m [38;5;28;01melse[39;00m loader

[0;31mValueError[0m: Invalid file type None.
ValueError: Invalid file type None.

